<?xml version="1.0" encoding="UTF-8"?>
<!-- Generated by org.testng.reporters.JUnitReportReporter -->
<testsuite hostname="LAPTOP-T1MB0794" failures="0" tests="1" name="pages.PageTests" time="27.222" errors="0" timestamp="2020-01-09T21:28:43 MSK" skipped="0">
  <testcase classname="pages.PageTests" name="onlinerTest" time="27.222"/>
</testsuite> <!-- pages.PageTests -->
